<?xml version="1.0" encoding="UTF-8"?>
<testsuite name="com.marklanger.lzw_compressor.LZWCompressTest" tests="1" skipped="0" failures="0" errors="0" timestamp="2017-05-30T11:39:44" hostname="MacBook-Pro-4.local" time="0.003">
  <properties/>
  <testcase name="test" classname="com.marklanger.lzw_compressor.LZWCompressTest" time="0.003"/>
  <system-out><![CDATA[0,1,11010,11000,10100,111,11010,10010,1011,1010,1,111,1001,1010,100101,111,1000,10100,110,101100,101010,110,10010,1000,10111,1001,1000,10010,100110,1100,1000,1101,1000,1110,1101,10,111010,1101,1110,111000,1101,1010,1011,1101,100010,1000101,1100,100010,110111,1110,110011,110000,111,10,11110,1000,1001,10111,1101,11001,1001
0111010110001010011111010100101011101011111001101010010111110001010011010110010101011010010100010111100110001001010011011001000110110001110110110111010110111101110001101101010111101100010100010111001000101101111110110011110000111101111010001001101111101110011001
ABABYUHABSLKBHJKHJHIUGGGIUGSIXJISJKMINIONCIONOINNKLNLKNLMLKMIOJISIHCUHIJXNZJ
Output matches input: false]]></system-out>
  <system-err><![CDATA[]]></system-err>
</testsuite>
